0 info it worked if it ends with ok
1 verbose cli [ '/usr/bin/node', '/usr/bin/npm', 'version', 'minor' ]
2 info using npm@1.3.24
3 info using node@v0.10.25
4 verbose node symlink /usr/bin/node
5 error Error: Git working directory not clean.
5 error M dist/lib/SugarLab.js
5 error D npm-debug.log
5 error     at /usr/lib/node_modules/npm/lib/version.js:98:35
5 error     at ChildProcess.exithandler (child_process.js:635:7)
5 error     at ChildProcess.EventEmitter.emit (events.js:98:17)
5 error     at maybeClose (child_process.js:743:16)
5 error     at Socket.<anonymous> (child_process.js:956:11)
5 error     at Socket.EventEmitter.emit (events.js:95:17)
5 error     at Pipe.close (net.js:466:12)
6 error If you need help, you may report this *entire* log,
6 error including the npm and node versions, at:
6 error     <http://github.com/isaacs/npm/issues>
7 error System Linux 3.8.0-35-generic
8 error command "/usr/bin/node" "/usr/bin/npm" "version" "minor"
9 error cwd /var/www/experimental-shmup
10 error node -v v0.10.25
11 error npm -v 1.3.24
12 verbose exit [ 1, true ]
